# JRE version: OpenJDK Runtime Environment (8.0_212-b04) (build 1.8.0_212-release-1586-b04)
# Java VM: OpenJDK 64-Bit Server VM (25.212-b04 mixed mode windows-amd64 compressed oops)
Heap:
 PSYoungGen      total 221696K, used 163631K [0x00000000e0000000, 0x00000000f0e00000, 0x0000000100000000)
  eden space 173568K, 88% used [0x00000000e0000000,0x00000000e95988c8,0x00000000ea980000)
  from space 48128K, 21% used [0x00000000ed600000,0x00000000ee0333e0,0x00000000f0500000)
  to   space 45568K, 0% used [0x00000000ea980000,0x00000000ea980000,0x00000000ed600000)
 ParOldGen       total 127488K, used 83644K [0x00000000a0000000, 0x00000000a7c80000, 0x00000000e0000000)
  object space 127488K, 65% used [0x00000000a0000000,0x00000000a51af280,0x00000000a7c80000)
 Metaspace       used 90058K, capacity 96020K, committed 96128K, reserved 1132544K
  class space    used 11551K, capacity 12591K, committed 12672K, reserved 1048576K
GC Heap History (10 events):
Event: 5314.516 GC heap before
{Heap before GC invocations=31 (full 3):
 PSYoungGen      total 207360K, used 206336K [0x00000000e0000000, 0x00000000f1900000, 0x0000000100000000)
  eden space 194560K, 99% used [0x00000000e0000000,0x00000000ebd30018,0x00000000ebe00000)
  from space 12800K, 98% used [0x00000000ec480000,0x00000000ed0d0010,0x00000000ed100000)
  to   space 46592K, 0% used [0x00000000eeb80000,0x00000000eeb80000,0x00000000f1900000)
 ParOldGen       total 127488K, used 83604K [0x00000000a0000000, 0x00000000a7c80000, 0x00000000e0000000)
  object space 127488K, 65% used [0x00000000a0000000,0x00000000a51a5280,0x00000000a7c80000)
 Metaspace       used 88683K, capacity 94440K, committed 94720K, reserved 1132544K
  class space    used 11441K, capacity 12441K, committed 12544K, reserved 1048576K
Event: 5314.631 GC heap after
Heap after GC invocations=31 (full 3):
 PSYoungGen      total 235008K, used 40551K [0x00000000e0000000, 0x00000000f3480000, 0x0000000100000000)
  eden space 188416K, 0% used [0x00000000e0000000,0x00000000e0000000,0x00000000eb800000)
  from space 46592K, 87% used [0x00000000eeb80000,0x00000000f1319d78,0x00000000f1900000)
  to   space 52736K, 0% used [0x00000000eb800000,0x00000000eb800000,0x00000000eeb80000)
 ParOldGen       total 127488K, used 83612K [0x00000000a0000000, 0x00000000a7c80000, 0x00000000e0000000)
  object space 127488K, 65% used [0x00000000a0000000,0x00000000a51a7280,0x00000000a7c80000)
 Metaspace       used 88683K, capacity 94440K, committed 94720K, reserved 1132544K
  class space    used 11441K, capacity 12441K, committed 12544K, reserved 1048576K
}
Event: 5743.984 GC heap before
{Heap before GC invocations=32 (full 3):
 PSYoungGen      total 235008K, used 228967K [0x00000000e0000000, 0x00000000f3480000, 0x0000000100000000)
  eden space 188416K, 100% used [0x00000000e0000000,0x00000000eb800000,0x00000000eb800000)
  from space 46592K, 87% used [0x00000000eeb80000,0x00000000f1319d78,0x00000000f1900000)
  to   space 52736K, 0% used [0x00000000eb800000,0x00000000eb800000,0x00000000eeb80000)
 ParOldGen       total 127488K, used 83612K [0x00000000a0000000, 0x00000000a7c80000, 0x00000000e0000000)
  object space 127488K, 65% used [0x00000000a0000000,0x00000000a51a7280,0x00000000a7c80000)
 Metaspace       used 89585K, capacity 95518K, committed 95616K, reserved 1132544K
  class space    used 11545K, capacity 12584K, committed 12672K, reserved 1048576K
Event: 5743.999 GC heap after
Heap after GC invocations=32 (full 3):
 PSYoungGen      total 192512K, used 9939K [0x00000000e0000000, 0x00000000f1500000, 0x0000000100000000)
  eden space 182272K, 0% used [0x00000000e0000000,0x00000000e0000000,0x00000000eb200000)
  from space 10240K, 97% used [0x00000000eb800000,0x00000000ec1b4d68,0x00000000ec200000)
  to   space 50688K, 0% used [0x00000000ee380000,0x00000000ee380000,0x00000000f1500000)
 ParOldGen       total 127488K, used 83620K [0x00000000a0000000, 0x00000000a7c80000, 0x00000000e0000000)
  object space 127488K, 65% used [0x00000000a0000000,0x00000000a51a9280,0x00000000a7c80000)
 Metaspace       used 89585K, capacity 95518K, committed 95616K, reserved 1132544K
  class space    used 11545K, capacity 12584K, committed 12672K, reserved 1048576K
}
Event: 6294.819 GC heap before
{Heap before GC invocations=33 (full 3):
 PSYoungGen      total 192512K, used 192211K [0x00000000e0000000, 0x00000000f1500000, 0x0000000100000000)
  eden space 182272K, 100% used [0x00000000e0000000,0x00000000eb200000,0x00000000eb200000)
  from space 10240K, 97% used [0x00000000eb800000,0x00000000ec1b4d68,0x00000000ec200000)
  to   space 50688K, 0% used [0x00000000ee380000,0x00000000ee380000,0x00000000f1500000)
 ParOldGen       total 127488K, used 83620K [0x00000000a0000000, 0x00000000a7c80000, 0x00000000e0000000)
  object space 127488K, 65% used [0x00000000a0000000,0x00000000a51a9280,0x00000000a7c80000)
 Metaspace       used 89755K, capacity 95774K, committed 95872K, reserved 1132544K
  class space    used 11545K, capacity 12584K, committed 12672K, reserved 1048576K
Event: 6294.884 GC heap after
Heap after GC invocations=33 (full 3):
 PSYoungGen      total 218624K, used 9521K [0x00000000e0000000, 0x00000000f0c80000, 0x0000000100000000)
  eden space 176640K, 0% used [0x00000000e0000000,0x00000000e0000000,0x00000000eac80000)
  from space 41984K, 22% used [0x00000000ee380000,0x00000000eeccc4c8,0x00000000f0c80000)
  to   space 49152K, 0% used [0x00000000eac80000,0x00000000eac80000,0x00000000edc80000)
 ParOldGen       total 127488K, used 83628K [0x00000000a0000000, 0x00000000a7c80000, 0x00000000e0000000)
  object space 127488K, 65% used [0x00000000a0000000,0x00000000a51ab280,0x00000000a7c80000)
 Metaspace       used 89755K, capacity 95774K, committed 95872K, reserved 1132544K
  class space    used 11545K, capacity 12584K, committed 12672K, reserved 1048576K
}
Event: 6551.648 GC heap before
{Heap before GC invocations=34 (full 3):
 PSYoungGen      total 218624K, used 186161K [0x00000000e0000000, 0x00000000f0c80000, 0x0000000100000000)
  eden space 176640K, 100% used [0x00000000e0000000,0x00000000eac80000,0x00000000eac80000)
  from space 41984K, 22% used [0x00000000ee380000,0x00000000eeccc4c8,0x00000000f0c80000)
  to   space 49152K, 0% used [0x00000000eac80000,0x00000000eac80000,0x00000000edc80000)
 ParOldGen       total 127488K, used 83628K [0x00000000a0000000, 0x00000000a7c80000, 0x00000000e0000000)
  object space 127488K, 65% used [0x00000000a0000000,0x00000000a51ab280,0x00000000a7c80000)
 Metaspace       used 89846K, capacity 95854K, committed 96128K, reserved 1132544K
  class space    used 11546K, capacity 12586K, committed 12672K, reserved 1048576K
Event: 6551.658 GC heap after
Heap after GC invocations=34 (full 3):
 PSYoungGen      total 175104K, used 3728K [0x00000000e0000000, 0x00000000f0500000, 0x0000000100000000)
  eden space 171008K, 0% used [0x00000000e0000000,0x00000000e0000000,0x00000000ea700000)
  from space 4096K, 91% used [0x00000000eac80000,0x00000000eb024030,0x00000000eb080000)
  to   space 48128K, 0% used [0x00000000ed600000,0x00000000ed600000,0x00000000f0500000)
 ParOldGen       total 127488K, used 83636K [0x00000000a0000000, 0x00000000a7c80000, 0x00000000e0000000)
  object space 127488K, 65% used [0x00000000a0000000,0x00000000a51ad280,0x00000000a7c80000)
 Metaspace       used 89846K, capacity 95854K, committed 96128K, reserved 1132544K
  class space    used 11546K, capacity 12586K, committed 12672K, reserved 1048576K
}
Event: 6554.375 GC heap before
{Heap before GC invocations=35 (full 3):
 PSYoungGen      total 175104K, used 172568K [0x00000000e0000000, 0x00000000f0500000, 0x0000000100000000)
  eden space 171008K, 98% used [0x00000000e0000000,0x00000000ea4e2380,0x00000000ea700000)
  from space 4096K, 91% used [0x00000000eac80000,0x00000000eb024030,0x00000000eb080000)
  to   space 48128K, 0% used [0x00000000ed600000,0x00000000ed600000,0x00000000f0500000)
 ParOldGen       total 127488K, used 83636K [0x00000000a0000000, 0x00000000a7c80000, 0x00000000e0000000)
  object space 127488K, 65% used [0x00000000a0000000,0x00000000a51ad280,0x00000000a7c80000)
 Metaspace       used 90011K, capacity 96008K, committed 96128K, reserved 1132544K
  class space    used 11548K, capacity 12589K, committed 12672K, reserved 1048576K
Event: 6554.465 GC heap after
Heap after GC invocations=35 (full 3):
 PSYoungGen      total 221696K, used 10444K [0x00000000e0000000, 0x00000000f0e00000, 0x0000000100000000)
  eden space 173568K, 0% used [0x00000000e0000000,0x00000000e0000000,0x00000000ea980000)
  from space 48128K, 21% used [0x00000000ed600000,0x00000000ee0333e0,0x00000000f0500000)
  to   space 45568K, 0% used [0x00000000ea980000,0x00000000ea980000,0x00000000ed600000)
 ParOldGen       total 127488K, used 83644K [0x00000000a0000000, 0x00000000a7c80000, 0x00000000e0000000)
  object space 127488K, 65% used [0x00000000a0000000,0x00000000a51af280,0x00000000a7c80000)
 Metaspace       used 90011K, capacity 96008K, committed 96128K, reserved 1132544K
  class space    used 11548K, capacity 12589K, committed 12672K, reserved 1048576K
}

